Using pre-set license
Built from '2020.3/staging' branch; Version is '2020.3.4f1 (0abb6314276a) revision 703331'; Using compiler version '192528614'; Build Type 'Release'
OS: 'Windows 10 Pro; OS build 19041.867; Version 2004; 64bit' Language: 'ko' Physical Memory: 16314 MB
BatchMode: 1, IsHumanControllingUs: 0, StartBugReporterOnCrash: 0, Is64bit: 1, IsPro: 0

 COMMAND LINE ARGUMENTS:
C:\Program Files\Unity\Hub\Editor\2020.3.4f1\Editor\Unity.exe
-adb2
-batchMode
-noUpm
-name
AssetImportWorker0
-projectPath
C:/Unity/AR_Face
-logFile
Logs/AssetImportWorker0.log
-srvPort
12317
Successfully changed project path to: C:/Unity/AR_Face
C:/Unity/AR_Face
Using Asset Import Pipeline V2.
Refreshing native plugins compatible for Editor in 30.81 ms, found 0 plugins.
Preloading 0 native plugins for Editor in 0.00 ms.
Initialize engine version: 2020.3.4f1 (0abb6314276a)
[Subsystems] Discovering subsystems at path C:/Program Files/Unity/Hub/Editor/2020.3.4f1/Editor/Data/Resources/UnitySubsystems
[Subsystems] Discovering subsystems at path C:/Unity/AR_Face/Assets
GfxDevice: creating device client; threaded=0
Direct3D:
    Version:  Direct3D 11.0 [level 11.1]
    Renderer: NVIDIA GeForce GTX 1050 Ti (ID=0x1c82)
    Vendor:   
    VRAM:     4018 MB
    Driver:   27.21.14.5671
Initialize mono
Mono path[0] = 'C:/Program Files/Unity/Hub/Editor/2020.3.4f1/Editor/Data/Managed'
Mono path[1] = 'C:/Program Files/Unity/Hub/Editor/2020.3.4f1/Editor/Data/MonoBleedingEdge/lib/mono/unityjit'
Mono config path = 'C:/Program Files/Unity/Hub/Editor/2020.3.4f1/Editor/Data/MonoBleedingEdge/etc'
Using monoOptions --debugger-agent=transport=dt_socket,embedding=1,server=y,suspend=n,address=127.0.0.1:56812
Begin MonoManager ReloadAssembly
Registering precompiled unity dll's ...
Register platform support module: C:/Program Files/Unity/Hub/Editor/2020.3.4f1/Editor/Data/PlaybackEngines/WindowsStandaloneSupport/UnityEditor.WindowsStandalone.Extensions.dll
Registered in 0.002331 seconds.
Native extension for WindowsStandalone target not found
Refreshing native plugins compatible for Editor in 30.68 ms, found 0 plugins.
Preloading 0 native plugins for Editor in 0.00 ms.
Mono: successfully reloaded assembly
- Completed reload, in  1.665 seconds
Platform modules already initialized, skipping
Registering precompiled user dll's ...
Registered in 0.001226 seconds.
Begin MonoManager ReloadAssembly
Native extension for WindowsStandalone target not found
Refreshing native plugins compatible for Editor in 0.33 ms, found 0 plugins.
Preloading 0 native plugins for Editor in 0.00 ms.
Mono: successfully reloaded assembly
- Completed reload, in  1.046 seconds
Platform modules already initialized, skipping
========================================================================
Worker process is ready to serve import requests
Launched and connected shader compiler UnityShaderCompiler.exe after 0.07 seconds
Refreshing native plugins compatible for Editor in 0.32 ms, found 0 plugins.
Preloading 0 native plugins for Editor in 0.00 ms.
Unloading 1437 Unused Serialized files (Serialized files now loaded: 0)
System memory in use before: 69.3 MB.
System memory in use after: 69.3 MB.

Unloading 12 unused Assets to reduce memory usage. Loaded Objects now: 1879.
Total: 2.320000 ms (FindLiveObjects: 0.247000 ms CreateObjectMapping: 0.039700 ms MarkObjects: 1.930200 ms  DeleteObjects: 0.101000 ms)

========================================================================
Received Import Request.
  path: Assets
  artifactKey: Guid(00000000000000001000000000000000) Importer(815301076,1909f56bfc062723c751e8b465ee728b)
Start importing Assets using Guid(00000000000000001000000000000000) Importer(815301076,1909f56bfc062723c751e8b465ee728b)  -> (artifact id: '025e4f587c23674256bb898581e82961') in 0.014419 seconds
  Import took 0.017274 seconds .

========================================================================
Received Import Request.
  Time since last request: 4.972586 seconds.
  path: Assets/Script.cs
  artifactKey: Guid(0eb5bc95674fe3b48b9e9dc3e3924ea3) Importer(815301076,1909f56bfc062723c751e8b465ee728b)
Start importing Assets/Script.cs using Guid(0eb5bc95674fe3b48b9e9dc3e3924ea3) Importer(815301076,1909f56bfc062723c751e8b465ee728b)  -> (artifact id: '36c86242c0c5b5e16cf3a93e9f6aa9aa') in 0.065373 seconds
  Import took 0.068379 seconds .

========================================================================
Received Prepare
Registering precompiled user dll's ...
Registered in 0.001378 seconds.
Begin MonoManager ReloadAssembly
Native extension for WindowsStandalone target not found
Refreshing native plugins compatible for Editor in 0.46 ms, found 0 plugins.
Preloading 0 native plugins for Editor in 0.00 ms.
Mono: successfully reloaded assembly
- Completed reload, in  0.998 seconds
Platform modules already initialized, skipping
Refreshing native plugins compatible for Editor in 0.32 ms, found 0 plugins.
Preloading 0 native plugins for Editor in 0.00 ms.
Unloading 1429 Unused Serialized files (Serialized files now loaded: 0)
System memory in use before: 69.0 MB.
System memory in use after: 69.1 MB.

Unloading 7 unused Assets to reduce memory usage. Loaded Objects now: 1884.
Total: 2.005500 ms (FindLiveObjects: 0.196400 ms CreateObjectMapping: 0.036800 ms MarkObjects: 1.700900 ms  DeleteObjects: 0.069900 ms)

========================================================================
Received Prepare
Registering precompiled user dll's ...
Registered in 0.001282 seconds.
Begin MonoManager ReloadAssembly
Native extension for WindowsStandalone target not found
Refreshing native plugins compatible for Editor in 0.32 ms, found 0 plugins.
Preloading 0 native plugins for Editor in 0.00 ms.
Mono: successfully reloaded assembly
- Completed reload, in  0.964 seconds
Platform modules already initialized, skipping
Refreshing native plugins compatible for Editor in 0.32 ms, found 0 plugins.
Preloading 0 native plugins for Editor in 0.00 ms.
Unloading 1428 Unused Serialized files (Serialized files now loaded: 0)
System memory in use before: 69.0 MB.
System memory in use after: 69.1 MB.

Unloading 8 unused Assets to reduce memory usage. Loaded Objects now: 1887.
Total: 1.895700 ms (FindLiveObjects: 0.185300 ms CreateObjectMapping: 0.036700 ms MarkObjects: 1.605200 ms  DeleteObjects: 0.067400 ms)

========================================================================
Received Import Request.
  Time since last request: 13.202913 seconds.
  path: Assets/Script
  artifactKey: Guid(4ab47cf1c22340a4baf84cc40479215c) Importer(815301076,1909f56bfc062723c751e8b465ee728b)
Start importing Assets/Script using Guid(4ab47cf1c22340a4baf84cc40479215c) Importer(815301076,1909f56bfc062723c751e8b465ee728b)  -> (artifact id: '18bc9cfd6f9fc94553fcf65f8f9ea4c5') in 0.006262 seconds
  Import took 0.008855 seconds .

========================================================================
Received Import Request.
  Time since last request: 0.006792 seconds.
  path: Assets/Script
  artifactKey: Guid(4ab47cf1c22340a4baf84cc40479215c) Importer(815301076,1909f56bfc062723c751e8b465ee728b)
Start importing Assets/Script using Guid(4ab47cf1c22340a4baf84cc40479215c) Importer(815301076,1909f56bfc062723c751e8b465ee728b)  -> (artifact id: '18bc9cfd6f9fc94553fcf65f8f9ea4c5') in 0.003993 seconds
  Import took 0.006765 seconds .

========================================================================
Received Prepare
Registering precompiled user dll's ...
Registered in 0.001184 seconds.
Begin MonoManager ReloadAssembly
Native extension for WindowsStandalone target not found
Refreshing native plugins compatible for Editor in 0.82 ms, found 0 plugins.
Preloading 0 native plugins for Editor in 0.00 ms.
Mono: successfully reloaded assembly
- Completed reload, in  1.471 seconds
Platform modules already initialized, skipping
Switching build target platform(5) subTarget(0) extendedPlatform(0) -> platform(13) subTarget(537395200) extendedPlatform(0)
Refreshing native plugins compatible for Editor in 0.59 ms, found 0 plugins.
Preloading 0 native plugins for Editor in 0.00 ms.
Unloading 1432 Unused Serialized files (Serialized files now loaded: 0)
System memory in use before: 69.1 MB.
System memory in use after: 69.1 MB.

Unloading 7 unused Assets to reduce memory usage. Loaded Objects now: 1891.
Total: 1.954300 ms (FindLiveObjects: 0.230500 ms CreateObjectMapping: 0.038200 ms MarkObjects: 1.616500 ms  DeleteObjects: 0.067600 ms)

AssetImportParameters requested are different than current active one (requested -> active):
  custom:graphics/normal-map-encoding: 01000000000000000000000000000000 -> 02000000000000000000000000000000
========================================================================
Received Prepare
Refreshing native plugins compatible for Editor in 1.11 ms, found 0 plugins.
Preloading 0 native plugins for Editor in 0.00 ms.
Unloading 4 Unused Serialized files (Serialized files now loaded: 0)
System memory in use before: 40.5 MB.
System memory in use after: 40.6 MB.

Unloading 4 unused Assets to reduce memory usage. Loaded Objects now: 1891.
Total: 2.411700 ms (FindLiveObjects: 0.237800 ms CreateObjectMapping: 0.036600 ms MarkObjects: 2.057900 ms  DeleteObjects: 0.077700 ms)

========================================================================
Received Prepare
Switching build target platform(13) subTarget(537395200) extendedPlatform(0) -> platform(13) subTarget(524288) extendedPlatform(0)
Refreshing native plugins compatible for Editor in 1.00 ms, found 0 plugins.
Preloading 0 native plugins for Editor in 0.00 ms.
Unloading 4 Unused Serialized files (Serialized files now loaded: 0)
System memory in use before: 40.5 MB.
System memory in use after: 40.6 MB.

Unloading 4 unused Assets to reduce memory usage. Loaded Objects now: 1891.
Total: 2.512400 ms (FindLiveObjects: 0.433600 ms CreateObjectMapping: 0.078500 ms MarkObjects: 1.903400 ms  DeleteObjects: 0.095000 ms)

AssetImportParameters requested are different than current active one (requested -> active):
  buildTarget: platform 13, subtarget 524288, extendedPlatform 0 -> platform 13, subtarget 537395200, extendedPlatform 0
  graphicsApiMask: 2048 -> 2099200
========================================================================
Received Import Request.
  Time since last request: 225.655333 seconds.
  path: Assets/Script/ArFaceSwitch.cs
  artifactKey: Guid(92985d274f43de74386437f220305f8f) Importer(815301076,1909f56bfc062723c751e8b465ee728b)
Start importing Assets/Script/ArFaceSwitch.cs using Guid(92985d274f43de74386437f220305f8f) Importer(815301076,1909f56bfc062723c751e8b465ee728b)  -> (artifact id: 'bb98873f1a539aae39ff492ec757729a') in 0.018094 seconds
  Import took 0.020767 seconds .

========================================================================
Received Prepare
Registering precompiled user dll's ...
Registered in 0.001095 seconds.
Begin MonoManager ReloadAssembly
Native extension for WindowsStandalone target not found
Refreshing native plugins compatible for Editor in 0.33 ms, found 0 plugins.
Preloading 0 native plugins for Editor in 0.00 ms.
Mono: successfully reloaded assembly
- Completed reload, in  0.973 seconds
Platform modules already initialized, skipping
Switching build target platform(5) subTarget(0) extendedPlatform(0) -> platform(13) subTarget(524288) extendedPlatform(0)
Refreshing native plugins compatible for Editor in 0.32 ms, found 0 plugins.
Preloading 0 native plugins for Editor in 0.00 ms.
Unloading 1433 Unused Serialized files (Serialized files now loaded: 0)
System memory in use before: 69.1 MB.
System memory in use after: 69.2 MB.

Unloading 7 unused Assets to reduce memory usage. Loaded Objects now: 1896.
Total: 2.358800 ms (FindLiveObjects: 0.379100 ms CreateObjectMapping: 0.037200 ms MarkObjects: 1.757300 ms  DeleteObjects: 0.183400 ms)

AssetImportParameters requested are different than current active one (requested -> active):
  custom:graphics/normal-map-encoding: 01000000000000000000000000000000 -> 02000000000000000000000000000000
========================================================================
Received Prepare
Registering precompiled user dll's ...
Registered in 0.001332 seconds.
Begin MonoManager ReloadAssembly
Native extension for WindowsStandalone target not found
Refreshing native plugins compatible for Editor in 0.32 ms, found 0 plugins.
Preloading 0 native plugins for Editor in 0.00 ms.
Mono: successfully reloaded assembly
- Completed reload, in  0.999 seconds
Platform modules already initialized, skipping
Switching build target platform(5) subTarget(0) extendedPlatform(0) -> platform(13) subTarget(524288) extendedPlatform(0)
Refreshing native plugins compatible for Editor in 0.34 ms, found 0 plugins.
Preloading 0 native plugins for Editor in 0.00 ms.
Unloading 1434 Unused Serialized files (Serialized files now loaded: 0)
System memory in use before: 69.1 MB.
System memory in use after: 69.2 MB.

Unloading 7 unused Assets to reduce memory usage. Loaded Objects now: 1901.
Total: 2.464100 ms (FindLiveObjects: 0.355600 ms CreateObjectMapping: 0.039300 ms MarkObjects: 1.990000 ms  DeleteObjects: 0.078000 ms)

AssetImportParameters requested are different than current active one (requested -> active):
  custom:graphics/normal-map-encoding: 01000000000000000000000000000000 -> 02000000000000000000000000000000
========================================================================
Received Import Request.
  Time since last request: 58.453480 seconds.
  path: Assets/Script/ArFaceSwitch.cs
  artifactKey: Guid(92985d274f43de74386437f220305f8f) Importer(815301076,1909f56bfc062723c751e8b465ee728b)
Start importing Assets/Script/ArFaceSwitch.cs using Guid(92985d274f43de74386437f220305f8f) Importer(815301076,1909f56bfc062723c751e8b465ee728b)  -> (artifact id: 'd983b131db41fb16c37a7225d34b2960') in 0.016841 seconds
  Import took 0.019639 seconds .

========================================================================
Received Import Request.
  Time since last request: 0.448116 seconds.
  path: Assets/Script/ArFaceManager.cs
  artifactKey: Guid(8b288efd3da36f84fbd1e2f86d75b4a5) Importer(815301076,1909f56bfc062723c751e8b465ee728b)
Start importing Assets/Script/ArFaceManager.cs using Guid(8b288efd3da36f84fbd1e2f86d75b4a5) Importer(815301076,1909f56bfc062723c751e8b465ee728b)  -> (artifact id: 'eed6cbe7fbb4427adb5f82591e099cdd') in 0.017736 seconds
  Import took 0.020606 seconds .

========================================================================
Received Prepare
Registering precompiled user dll's ...
Registered in 0.001094 seconds.
Begin MonoManager ReloadAssembly
Native extension for WindowsStandalone target not found
Refreshing native plugins compatible for Editor in 0.32 ms, found 0 plugins.
Preloading 0 native plugins for Editor in 0.00 ms.
Mono: successfully reloaded assembly
- Completed reload, in  0.985 seconds
Platform modules already initialized, skipping
Switching build target platform(5) subTarget(0) extendedPlatform(0) -> platform(13) subTarget(524288) extendedPlatform(0)
Refreshing native plugins compatible for Editor in 0.32 ms, found 0 plugins.
Preloading 0 native plugins for Editor in 0.00 ms.
Unloading 1433 Unused Serialized files (Serialized files now loaded: 0)
System memory in use before: 69.1 MB.
System memory in use after: 69.2 MB.

Unloading 8 unused Assets to reduce memory usage. Loaded Objects now: 1904.
Total: 2.013900 ms (FindLiveObjects: 0.274500 ms CreateObjectMapping: 0.040500 ms MarkObjects: 1.628800 ms  DeleteObjects: 0.069100 ms)

AssetImportParameters requested are different than current active one (requested -> active):
  custom:graphics/normal-map-encoding: 01000000000000000000000000000000 -> 02000000000000000000000000000000
========================================================================
Received Prepare
Registering precompiled user dll's ...
Registered in 0.001428 seconds.
Begin MonoManager ReloadAssembly
Native extension for WindowsStandalone target not found
Refreshing native plugins compatible for Editor in 0.31 ms, found 0 plugins.
Preloading 0 native plugins for Editor in 0.00 ms.
Mono: successfully reloaded assembly
- Completed reload, in  1.010 seconds
Platform modules already initialized, skipping
Switching build target platform(5) subTarget(0) extendedPlatform(0) -> platform(13) subTarget(524288) extendedPlatform(0)
Refreshing native plugins compatible for Editor in 0.34 ms, found 0 plugins.
Preloading 0 native plugins for Editor in 0.00 ms.
Unloading 1433 Unused Serialized files (Serialized files now loaded: 0)
System memory in use before: 69.1 MB.
System memory in use after: 69.2 MB.

Unloading 7 unused Assets to reduce memory usage. Loaded Objects now: 1908.
Total: 2.154500 ms (FindLiveObjects: 0.318400 ms CreateObjectMapping: 0.041500 ms MarkObjects: 1.716900 ms  DeleteObjects: 0.075700 ms)

AssetImportParameters requested are different than current active one (requested -> active):
  custom:graphics/normal-map-encoding: 01000000000000000000000000000000 -> 02000000000000000000000000000000
========================================================================
Received Prepare
Registering precompiled user dll's ...
Registered in 0.001401 seconds.
Begin MonoManager ReloadAssembly
Native extension for WindowsStandalone target not found
Refreshing native plugins compatible for Editor in 34.86 ms, found 0 plugins.
Preloading 0 native plugins for Editor in 0.00 ms.
Mono: successfully reloaded assembly
- Completed reload, in  1.251 seconds
Platform modules already initialized, skipping
Switching build target platform(5) subTarget(0) extendedPlatform(0) -> platform(13) subTarget(524288) extendedPlatform(0)
Refreshing native plugins compatible for Editor in 0.39 ms, found 0 plugins.
Preloading 0 native plugins for Editor in 0.00 ms.
Unloading 1504 Unused Serialized files (Serialized files now loaded: 0)
System memory in use before: 71.2 MB.
System memory in use after: 71.2 MB.

Unloading 9 unused Assets to reduce memory usage. Loaded Objects now: 1981.
Total: 2.477600 ms (FindLiveObjects: 0.327000 ms CreateObjectMapping: 0.047300 ms MarkObjects: 2.001600 ms  DeleteObjects: 0.099500 ms)

AssetImportParameters requested are different than current active one (requested -> active):
  custom:graphics/normal-map-encoding: 01000000000000000000000000000000 -> 02000000000000000000000000000000
========================================================================
Received Prepare
Registering precompiled user dll's ...
Registered in 0.001230 seconds.
Begin MonoManager ReloadAssembly
Native extension for WindowsStandalone target not found
Refreshing native plugins compatible for Editor in 0.38 ms, found 0 plugins.
Preloading 0 native plugins for Editor in 0.00 ms.
Mono: successfully reloaded assembly
- Completed reload, in  1.037 seconds
Platform modules already initialized, skipping
Switching build target platform(5) subTarget(0) extendedPlatform(0) -> platform(13) subTarget(524288) extendedPlatform(0)
Refreshing native plugins compatible for Editor in 0.37 ms, found 0 plugins.
Preloading 0 native plugins for Editor in 0.00 ms.
Unloading 1502 Unused Serialized files (Serialized files now loaded: 0)
System memory in use before: 71.2 MB.
System memory in use after: 71.2 MB.

Unloading 9 unused Assets to reduce memory usage. Loaded Objects now: 1985.
Total: 2.136000 ms (FindLiveObjects: 0.212200 ms CreateObjectMapping: 0.038300 ms MarkObjects: 1.790100 ms  DeleteObjects: 0.093800 ms)

AssetImportParameters requested are different than current active one (requested -> active):
  custom:graphics/normal-map-encoding: 01000000000000000000000000000000 -> 02000000000000000000000000000000
========================================================================
Received Import Request.
  Time since last request: 1322.999952 seconds.
  path: Assets/AR face Assets/Face Textures
  artifactKey: Guid(6abdf833e6a454c2dbfc020231f5e984) Importer(815301076,1909f56bfc062723c751e8b465ee728b)
Start importing Assets/AR face Assets/Face Textures using Guid(6abdf833e6a454c2dbfc020231f5e984) Importer(815301076,1909f56bfc062723c751e8b465ee728b)  -> (artifact id: 'c8bea1d0630e5e2baa2462c3d14126b9') in 0.018422 seconds
  Import took 0.021191 seconds .

========================================================================
Received Import Request.
  Time since last request: 1.040693 seconds.
  path: Assets/AR face Assets/Face Textures/Robot Face
  artifactKey: Guid(7e5e5d8d234ba4a7093b7d326df9d21e) Importer(815301076,1909f56bfc062723c751e8b465ee728b)
Start importing Assets/AR face Assets/Face Textures/Robot Face using Guid(7e5e5d8d234ba4a7093b7d326df9d21e) Importer(815301076,1909f56bfc062723c751e8b465ee728b)  -> (artifact id: '145986b8189461b03c546e4a919f65c7') in 0.017429 seconds
  Import took 0.020322 seconds .

========================================================================
Received Import Request.
  Time since last request: 1.238042 seconds.
  path: Assets/AR face Assets/Face Textures/Robot Face/Robot_Normal.tga
  artifactKey: Guid(5ab73bd4833504601bdc404fe852ac76) Importer(815301076,1909f56bfc062723c751e8b465ee728b)
Start importing Assets/AR face Assets/Face Textures/Robot Face/Robot_Normal.tga using Guid(5ab73bd4833504601bdc404fe852ac76) Importer(815301076,1909f56bfc062723c751e8b465ee728b)  -> (artifact id: '9f489d9d5478882dd22917217e183b6e') in 0.183317 seconds
  Import took 0.186111 seconds .

========================================================================
Received Import Request.
  Time since last request: 0.606417 seconds.
  path: Assets/AR face Assets/Face Textures/Robot Face/Robot_Albedo.tga
  artifactKey: Guid(86438631d251f40a99f0b8f365c62e9e) Importer(815301076,1909f56bfc062723c751e8b465ee728b)
Start importing Assets/AR face Assets/Face Textures/Robot Face/Robot_Albedo.tga using Guid(86438631d251f40a99f0b8f365c62e9e) Importer(815301076,1909f56bfc062723c751e8b465ee728b)  -> (artifact id: '853574ade67265ef68164ac205b19ac4') in 0.089292 seconds
  Import took 0.092159 seconds .

========================================================================
Received Import Request.
  Time since last request: 1.103506 seconds.
  path: Assets/AR face Assets/Face Textures/Robot Face/Robot_Occlusion.tga
  artifactKey: Guid(60d43433d9c944a4a90940aebbd27e14) Importer(815301076,1909f56bfc062723c751e8b465ee728b)
Start importing Assets/AR face Assets/Face Textures/Robot Face/Robot_Occlusion.tga using Guid(60d43433d9c944a4a90940aebbd27e14) Importer(815301076,1909f56bfc062723c751e8b465ee728b)  -> (artifact id: '1dc283ee625c313717e870fcc73ecfb7') in 0.082861 seconds
  Import took 0.085889 seconds .

========================================================================
Received Import Request.
  Time since last request: 3.664356 seconds.
  path: Assets/AR face Assets/Face Textures/Pop Face/PopFace_Albedo.tga
  artifactKey: Guid(c618fae771fb049fea0c6661474b8552) Importer(815301076,1909f56bfc062723c751e8b465ee728b)
Start importing Assets/AR face Assets/Face Textures/Pop Face/PopFace_Albedo.tga using Guid(c618fae771fb049fea0c6661474b8552) Importer(815301076,1909f56bfc062723c751e8b465ee728b)  -> (artifact id: 'a7684b733478bb8ab7ad038feef3b69b') in 0.069680 seconds
  Import took 0.072737 seconds .

========================================================================
Received Import Request.
  Time since last request: 6.240819 seconds.
  path: Assets/AR face Assets/3D Heads
  artifactKey: Guid(dc43b60834a45455f993ecd3b72e7189) Importer(815301076,1909f56bfc062723c751e8b465ee728b)
Start importing Assets/AR face Assets/3D Heads using Guid(dc43b60834a45455f993ecd3b72e7189) Importer(815301076,1909f56bfc062723c751e8b465ee728b)  -> (artifact id: 'b203e5b56acdef4b5ce3647d6c692e32') in 0.016246 seconds
  Import took 0.018927 seconds .

========================================================================
Received Import Request.
  Time since last request: 0.485692 seconds.
  path: Assets/AR face Assets/3D Heads/Faceted Head
  artifactKey: Guid(edf79ac21bd8d4db0a46f106eb2b96c6) Importer(815301076,1909f56bfc062723c751e8b465ee728b)
Start importing Assets/AR face Assets/3D Heads/Faceted Head using Guid(edf79ac21bd8d4db0a46f106eb2b96c6) Importer(815301076,1909f56bfc062723c751e8b465ee728b)  -> (artifact id: '57083e71079fc1520451603233e0b1f2') in 0.016168 seconds
  Import took 0.018993 seconds .

========================================================================
Received Import Request.
  Time since last request: 2.050434 seconds.
  path: Assets/AR face Assets/3D Heads/Faceted Head/FacitedHead.FBX
  artifactKey: Guid(d90954fbb033a44ceb41687a13ab80f6) Importer(815301076,1909f56bfc062723c751e8b465ee728b)
Start importing Assets/AR face Assets/3D Heads/Faceted Head/FacitedHead.FBX using Guid(d90954fbb033a44ceb41687a13ab80f6) Importer(815301076,1909f56bfc062723c751e8b465ee728b)  -> (artifact id: 'cf7fa19dc5b1a042a27f3bd8a1170485') in 0.851897 seconds
  Import took 0.854898 seconds .

========================================================================
Received Import Request.
  Time since last request: 34.614768 seconds.
  path: Assets/AR face Assets/3D Heads/Plasticene Head/Plasto_Head.FBX
  artifactKey: Guid(5c00f185fa9f94967a3d36c955c1b195) Importer(815301076,1909f56bfc062723c751e8b465ee728b)
Start importing Assets/AR face Assets/3D Heads/Plasticene Head/Plasto_Head.FBX using Guid(5c00f185fa9f94967a3d36c955c1b195) Importer(815301076,1909f56bfc062723c751e8b465ee728b)  -> (artifact id: '288bd9b0a30fe7b581b497a0f35b5a55') in 0.234394 seconds
  Import took 0.238145 seconds .

========================================================================
Received Import Request.
  Time since last request: 12.639625 seconds.
  path: Assets/AR face Assets/Images
  artifactKey: Guid(e80eb75cf4bd743c686819b9c621067d) Importer(815301076,1909f56bfc062723c751e8b465ee728b)
Start importing Assets/AR face Assets/Images using Guid(e80eb75cf4bd743c686819b9c621067d) Importer(815301076,1909f56bfc062723c751e8b465ee728b)  -> (artifact id: '91bd279994d8b600ac82a8b35926d329') in 0.008098 seconds
  Import took 0.011000 seconds .

========================================================================
Received Import Request.
  Time since last request: 1.157384 seconds.
  path: Assets/AR face Assets/Images/rollaball.png
  artifactKey: Guid(6a82eb95ca0d74e18bcbd633cffee0af) Importer(815301076,1909f56bfc062723c751e8b465ee728b)
Start importing Assets/AR face Assets/Images/rollaball.png using Guid(6a82eb95ca0d74e18bcbd633cffee0af) Importer(815301076,1909f56bfc062723c751e8b465ee728b)  -> (artifact id: 'f95e3fc3d4167b81af7505e61db8fddd') in 0.047733 seconds
  Import took 0.050681 seconds .

========================================================================
Received Import Request.
  Time since last request: 0.771943 seconds.
  path: Assets/AR face Assets/Images/johnlemon.png
  artifactKey: Guid(fa07b4ad7317c4e83af2b9dda77de2a6) Importer(815301076,1909f56bfc062723c751e8b465ee728b)
Start importing Assets/AR face Assets/Images/johnlemon.png using Guid(fa07b4ad7317c4e83af2b9dda77de2a6) Importer(815301076,1909f56bfc062723c751e8b465ee728b)  -> (artifact id: '4184d3b3377f5a9d6618e829de415e07') in 0.018301 seconds
  Import took 0.021278 seconds .

========================================================================
Received Import Request.
  Time since last request: 0.902219 seconds.
  path: Assets/AR face Assets/Images/createwithcode.png
  artifactKey: Guid(66d6838a092d4492495e57a70bc8d37d) Importer(815301076,1909f56bfc062723c751e8b465ee728b)
Start importing Assets/AR face Assets/Images/createwithcode.png using Guid(66d6838a092d4492495e57a70bc8d37d) Importer(815301076,1909f56bfc062723c751e8b465ee728b)  -> (artifact id: 'ee312fc6a16fabff5e7b6c88f1ab7665') in 0.019205 seconds
  Import took 0.022320 seconds .

========================================================================
Received Import Request.
  Time since last request: 5.160177 seconds.
  path: Assets/AR face Assets/Face Textures/Pop Face
  artifactKey: Guid(c783ca990c5f44004994974eb09893be) Importer(815301076,1909f56bfc062723c751e8b465ee728b)
Start importing Assets/AR face Assets/Face Textures/Pop Face using Guid(c783ca990c5f44004994974eb09893be) Importer(815301076,1909f56bfc062723c751e8b465ee728b)  -> (artifact id: 'a831e5ba7fbcf2e28e6dc212a4a70c7b') in 0.007869 seconds
  Import took 0.010778 seconds .

========================================================================
Received Import Request.
  Time since last request: 27.862901 seconds.
  path: Assets/AR face Assets/3D Heads/Faceted Head/Faceted_Normal.tga
  artifactKey: Guid(c90ec9b975d7c469d9573fee196a2c2b) Importer(815301076,1909f56bfc062723c751e8b465ee728b)
Start importing Assets/AR face Assets/3D Heads/Faceted Head/Faceted_Normal.tga using Guid(c90ec9b975d7c469d9573fee196a2c2b) Importer(815301076,1909f56bfc062723c751e8b465ee728b)  -> (artifact id: '4125e2cc8b231571ae4190c0b91f4135') in 0.091241 seconds
  Import took 0.094458 seconds .

========================================================================
Received Import Request.
  Time since last request: 0.000278 seconds.
  path: Assets/AR face Assets/3D Heads/Plasticene Head/Plasto_Head_normal.tga
  artifactKey: Guid(799e6cef218874873a0fdb34be5b4fc3) Importer(815301076,1909f56bfc062723c751e8b465ee728b)
Start importing Assets/AR face Assets/3D Heads/Plasticene Head/Plasto_Head_normal.tga using Guid(799e6cef218874873a0fdb34be5b4fc3) Importer(815301076,1909f56bfc062723c751e8b465ee728b)  -> (artifact id: 'f778ec5846df5ab38ac326d158eda6d2') in 0.081978 seconds
  Import took 0.084749 seconds .

========================================================================
Received Import Request.
  Time since last request: 0.000292 seconds.
  path: Assets/AR face Assets/3D Heads/Faceted Head/Faceted_Occlusion.tga
  artifactKey: Guid(cb2c16b26762f41148856da83e41b262) Importer(815301076,1909f56bfc062723c751e8b465ee728b)
Start importing Assets/AR face Assets/3D Heads/Faceted Head/Faceted_Occlusion.tga using Guid(cb2c16b26762f41148856da83e41b262) Importer(815301076,1909f56bfc062723c751e8b465ee728b)  -> (artifact id: '5a90f4833cb88b9eda154c12c2b65eea') in 0.080767 seconds
  Import took 0.083601 seconds .

========================================================================
Received Import Request.
  Time since last request: 0.000399 seconds.
  path: Assets/AR face Assets/3D Heads/Plasticene Head/Plasto_Head_Albedo.tga
  artifactKey: Guid(6a0412103c19947c3afed4ae4bcb0af5) Importer(815301076,1909f56bfc062723c751e8b465ee728b)
Start importing Assets/AR face Assets/3D Heads/Plasticene Head/Plasto_Head_Albedo.tga using Guid(6a0412103c19947c3afed4ae4bcb0af5) Importer(815301076,1909f56bfc062723c751e8b465ee728b)  -> (artifact id: 'e83bd6c43d3ca304e7174d9dce71d908') in 0.062668 seconds
  Import took 0.065735 seconds .

========================================================================
Received Import Request.
  Time since last request: 0.000323 seconds.
  path: Assets/AR face Assets/3D Heads/Faceted Head/Faceted_Occlusion.tga
  artifactKey: Guid(cb2c16b26762f41148856da83e41b262) Importer(815301076,1909f56bfc062723c751e8b465ee728b)
Start importing Assets/AR face Assets/3D Heads/Faceted Head/Faceted_Occlusion.tga using Guid(cb2c16b26762f41148856da83e41b262) Importer(815301076,1909f56bfc062723c751e8b465ee728b)  -> (artifact id: '5a90f4833cb88b9eda154c12c2b65eea') in 0.060485 seconds
  Import took 0.063189 seconds .

========================================================================
Received Import Request.
  Time since last request: 0.000273 seconds.
  path: Assets/AR face Assets/3D Heads/Plasticene Head/Plasto_Head_Albedo.tga
  artifactKey: Guid(6a0412103c19947c3afed4ae4bcb0af5) Importer(815301076,1909f56bfc062723c751e8b465ee728b)
Start importing Assets/AR face Assets/3D Heads/Plasticene Head/Plasto_Head_Albedo.tga using Guid(6a0412103c19947c3afed4ae4bcb0af5) Importer(815301076,1909f56bfc062723c751e8b465ee728b)  -> (artifact id: 'e83bd6c43d3ca304e7174d9dce71d908') in 0.060217 seconds
  Import took 0.063241 seconds .

========================================================================
Received Import Request.
  Time since last request: 0.000287 seconds.
  path: Assets/AR face Assets/3D Heads/Plasticene Head/Plasto_Head_AO.tga
  artifactKey: Guid(4d2b3ed855ce347c196e1e6737a3759c) Importer(815301076,1909f56bfc062723c751e8b465ee728b)
Start importing Assets/AR face Assets/3D Heads/Plasticene Head/Plasto_Head_AO.tga using Guid(4d2b3ed855ce347c196e1e6737a3759c) Importer(815301076,1909f56bfc062723c751e8b465ee728b)  -> (artifact id: 'c440e33e29a21fa14ab10d932a0e4c66') in 0.064509 seconds
  Import took 0.067391 seconds .

========================================================================
Received Import Request.
  Time since last request: 0.000252 seconds.
  path: Assets/AR face Assets/3D Heads/Faceted Head/Faceted_Normal.tga
  artifactKey: Guid(c90ec9b975d7c469d9573fee196a2c2b) Importer(815301076,1909f56bfc062723c751e8b465ee728b)
Start importing Assets/AR face Assets/3D Heads/Faceted Head/Faceted_Normal.tga using Guid(c90ec9b975d7c469d9573fee196a2c2b) Importer(815301076,1909f56bfc062723c751e8b465ee728b)  -> (artifact id: '4125e2cc8b231571ae4190c0b91f4135') in 0.061949 seconds
  Import took 0.065125 seconds .

========================================================================
Received Import Request.
  Time since last request: 0.000265 seconds.
  path: Assets/AR face Assets/3D Heads/Plasticene Head/Plasto_Head_AO.tga
  artifactKey: Guid(4d2b3ed855ce347c196e1e6737a3759c) Importer(815301076,1909f56bfc062723c751e8b465ee728b)
Start importing Assets/AR face Assets/3D Heads/Plasticene Head/Plasto_Head_AO.tga using Guid(4d2b3ed855ce347c196e1e6737a3759c) Importer(815301076,1909f56bfc062723c751e8b465ee728b)  -> (artifact id: 'c440e33e29a21fa14ab10d932a0e4c66') in 0.060434 seconds
  Import took 0.063138 seconds .

========================================================================
Received Prepare
Registering precompiled user dll's ...
Registered in 0.001222 seconds.
Begin MonoManager ReloadAssembly
Native extension for WindowsStandalone target not found
Refreshing native plugins compatible for Editor in 0.36 ms, found 0 plugins.
Preloading 0 native plugins for Editor in 0.00 ms.
Mono: successfully reloaded assembly
- Completed reload, in  1.039 seconds
Platform modules already initialized, skipping
Switching build target platform(5) subTarget(0) extendedPlatform(0) -> platform(13) subTarget(524288) extendedPlatform(0)
Refreshing native plugins compatible for Editor in 0.44 ms, found 0 plugins.
Preloading 0 native plugins for Editor in 0.00 ms.
Unloading 1502 Unused Serialized files (Serialized files now loaded: 0)
System memory in use before: 74.5 MB.
System memory in use after: 74.5 MB.

Unloading 9 unused Assets to reduce memory usage. Loaded Objects now: 2006.
Total: 2.075700 ms (FindLiveObjects: 0.228700 ms CreateObjectMapping: 0.039000 ms MarkObjects: 1.721100 ms  DeleteObjects: 0.085700 ms)

AssetImportParameters requested are different than current active one (requested -> active):
  custom:graphics/normal-map-encoding: 01000000000000000000000000000000 -> 02000000000000000000000000000000
========================================================================
Received Prepare
Registering precompiled user dll's ...
Registered in 0.001093 seconds.
Begin MonoManager ReloadAssembly
Native extension for WindowsStandalone target not found
Refreshing native plugins compatible for Editor in 0.36 ms, found 0 plugins.
Preloading 0 native plugins for Editor in 0.00 ms.
Mono: successfully reloaded assembly
- Completed reload, in  1.010 seconds
Platform modules already initialized, skipping
Switching build target platform(5) subTarget(0) extendedPlatform(0) -> platform(13) subTarget(524288) extendedPlatform(0)
Refreshing native plugins compatible for Editor in 0.36 ms, found 0 plugins.
Preloading 0 native plugins for Editor in 0.00 ms.
Unloading 1502 Unused Serialized files (Serialized files now loaded: 0)
System memory in use before: 74.5 MB.
System memory in use after: 74.6 MB.

Unloading 9 unused Assets to reduce memory usage. Loaded Objects now: 2010.
Total: 2.194300 ms (FindLiveObjects: 0.294000 ms CreateObjectMapping: 0.038300 ms MarkObjects: 1.777900 ms  DeleteObjects: 0.083100 ms)

AssetImportParameters requested are different than current active one (requested -> active):
  custom:graphics/normal-map-encoding: 01000000000000000000000000000000 -> 02000000000000000000000000000000
========================================================================
Received Prepare
Registering precompiled user dll's ...
Registered in 0.001191 seconds.
Begin MonoManager ReloadAssembly
Native extension for WindowsStandalone target not found
Refreshing native plugins compatible for Editor in 0.36 ms, found 0 plugins.
Preloading 0 native plugins for Editor in 0.00 ms.
Mono: successfully reloaded assembly
- Completed reload, in  1.047 seconds
Platform modules already initialized, skipping
Switching build target platform(5) subTarget(0) extendedPlatform(0) -> platform(13) subTarget(524288) extendedPlatform(0)
Refreshing native plugins compatible for Editor in 0.37 ms, found 0 plugins.
Preloading 0 native plugins for Editor in 0.00 ms.
Unloading 1502 Unused Serialized files (Serialized files now loaded: 0)
System memory in use before: 74.5 MB.
System memory in use after: 74.6 MB.

Unloading 9 unused Assets to reduce memory usage. Loaded Objects now: 2014.
Total: 2.132500 ms (FindLiveObjects: 0.215100 ms CreateObjectMapping: 0.037900 ms MarkObjects: 1.791300 ms  DeleteObjects: 0.086600 ms)

AssetImportParameters requested are different than current active one (requested -> active):
  custom:graphics/normal-map-encoding: 01000000000000000000000000000000 -> 02000000000000000000000000000000
========================================================================
Received Prepare
Refreshing native plugins compatible for Editor in 1.44 ms, found 0 plugins.
Preloading 0 native plugins for Editor in 0.00 ms.
Unloading 6 Unused Serialized files (Serialized files now loaded: 0)
System memory in use before: 44.6 MB.
System memory in use after: 44.7 MB.

Unloading 5 unused Assets to reduce memory usage. Loaded Objects now: 2015.
Total: 2.419300 ms (FindLiveObjects: 0.380900 ms CreateObjectMapping: 0.086000 ms MarkObjects: 1.857400 ms  DeleteObjects: 0.092200 ms)

AssetImportWorkerClient::OnTransportError - code=2 error=End of file
