Using pre-set license
Built from '2020.3/staging' branch; Version is '2020.3.4f1 (0abb6314276a) revision 703331'; Using compiler version '192528614'; Build Type 'Release'
OS: 'Windows 10 Pro; OS build 19041.867; Version 2004; 64bit' Language: 'ko' Physical Memory: 16314 MB
BatchMode: 1, IsHumanControllingUs: 0, StartBugReporterOnCrash: 0, Is64bit: 1, IsPro: 0

 COMMAND LINE ARGUMENTS:
C:\Program Files\Unity\Hub\Editor\2020.3.4f1\Editor\Unity.exe
-adb2
-batchMode
-noUpm
-name
AssetImportWorker0
-projectPath
C:/Unity/AR_Face
-logFile
Logs/AssetImportWorker0.log
-srvPort
5423
Successfully changed project path to: C:/Unity/AR_Face
C:/Unity/AR_Face
Using Asset Import Pipeline V2.
Refreshing native plugins compatible for Editor in 34.13 ms, found 0 plugins.
Preloading 0 native plugins for Editor in 0.00 ms.
Initialize engine version: 2020.3.4f1 (0abb6314276a)
[Subsystems] Discovering subsystems at path C:/Program Files/Unity/Hub/Editor/2020.3.4f1/Editor/Data/Resources/UnitySubsystems
[Subsystems] Discovering subsystems at path C:/Unity/AR_Face/Assets
GfxDevice: creating device client; threaded=0
Direct3D:
    Version:  Direct3D 11.0 [level 11.1]
    Renderer: NVIDIA GeForce GTX 1050 Ti (ID=0x1c82)
    Vendor:   
    VRAM:     4018 MB
    Driver:   27.21.14.5671
Initialize mono
Mono path[0] = 'C:/Program Files/Unity/Hub/Editor/2020.3.4f1/Editor/Data/Managed'
Mono path[1] = 'C:/Program Files/Unity/Hub/Editor/2020.3.4f1/Editor/Data/MonoBleedingEdge/lib/mono/unityjit'
Mono config path = 'C:/Program Files/Unity/Hub/Editor/2020.3.4f1/Editor/Data/MonoBleedingEdge/etc'
Using monoOptions --debugger-agent=transport=dt_socket,embedding=1,server=y,suspend=n,address=127.0.0.1:56184
Begin MonoManager ReloadAssembly
Registering precompiled unity dll's ...
Register platform support module: C:/Program Files/Unity/Hub/Editor/2020.3.4f1/Editor/Data/PlaybackEngines/WindowsStandaloneSupport/UnityEditor.WindowsStandalone.Extensions.dll
Registered in 0.002442 seconds.
Native extension for WindowsStandalone target not found
Refreshing native plugins compatible for Editor in 33.21 ms, found 0 plugins.
Preloading 0 native plugins for Editor in 0.00 ms.
Mono: successfully reloaded assembly
- Completed reload, in  1.593 seconds
Platform modules already initialized, skipping
Registering precompiled user dll's ...
Registered in 0.001219 seconds.
Begin MonoManager ReloadAssembly
Native extension for WindowsStandalone target not found
Refreshing native plugins compatible for Editor in 32.46 ms, found 0 plugins.
Preloading 0 native plugins for Editor in 0.00 ms.
Mono: successfully reloaded assembly
- Completed reload, in  1.067 seconds
Platform modules already initialized, skipping
========================================================================
Worker process is ready to serve import requests
Launched and connected shader compiler UnityShaderCompiler.exe after 0.07 seconds
Refreshing native plugins compatible for Editor in 0.35 ms, found 0 plugins.
Preloading 0 native plugins for Editor in 0.00 ms.
Unloading 1510 Unused Serialized files (Serialized files now loaded: 0)
System memory in use before: 71.4 MB.
System memory in use after: 71.5 MB.

Unloading 13 unused Assets to reduce memory usage. Loaded Objects now: 1951.
Total: 2.170900 ms (FindLiveObjects: 0.219100 ms CreateObjectMapping: 0.042800 ms MarkObjects: 1.814100 ms  DeleteObjects: 0.093900 ms)

========================================================================
Received Import Request.
  path: Assets/XR
  artifactKey: Guid(847061cc41ea7b342844bf7eb8ee6aa2) Importer(815301076,1909f56bfc062723c751e8b465ee728b)
Start importing Assets/XR using Guid(847061cc41ea7b342844bf7eb8ee6aa2) Importer(815301076,1909f56bfc062723c751e8b465ee728b)  -> (artifact id: 'f008e5c0d17f151d06fb1fcc301defb6') in 0.026358 seconds
  Import took 0.029191 seconds .

========================================================================
Received Prepare
Registering precompiled user dll's ...
Registered in 0.001131 seconds.
Begin MonoManager ReloadAssembly
Native extension for WindowsStandalone target not found
Refreshing native plugins compatible for Editor in 0.40 ms, found 0 plugins.
Preloading 0 native plugins for Editor in 0.00 ms.
Mono: successfully reloaded assembly
- Completed reload, in  1.001 seconds
Platform modules already initialized, skipping
Switching build target platform(5) subTarget(0) extendedPlatform(0) -> platform(13) subTarget(524288) extendedPlatform(0)
Refreshing native plugins compatible for Editor in 0.36 ms, found 0 plugins.
Preloading 0 native plugins for Editor in 0.00 ms.
Unloading 1502 Unused Serialized files (Serialized files now loaded: 0)
System memory in use before: 71.0 MB.
System memory in use after: 71.1 MB.

Unloading 8 unused Assets to reduce memory usage. Loaded Objects now: 1956.
Total: 1.906000 ms (FindLiveObjects: 0.195800 ms CreateObjectMapping: 0.037700 ms MarkObjects: 1.611100 ms  DeleteObjects: 0.060300 ms)

AssetImportParameters requested are different than current active one (requested -> active):
  custom:graphics/normal-map-encoding: 01000000000000000000000000000000 -> 02000000000000000000000000000000
========================================================================
Received Import Request.
  Time since last request: 36.926122 seconds.
  path: Assets/Script/ArCoreFaceRegionManager.cs
  artifactKey: Guid(388e9242a65f3254da29e43d622ddc41) Importer(815301076,1909f56bfc062723c751e8b465ee728b)
Start importing Assets/Script/ArCoreFaceRegionManager.cs using Guid(388e9242a65f3254da29e43d622ddc41) Importer(815301076,1909f56bfc062723c751e8b465ee728b)  -> (artifact id: '57ffe9ccfd898ba14731c9906cab9b12') in 0.076226 seconds
  Import took 0.079135 seconds .

========================================================================
Received Prepare
Registering precompiled user dll's ...
Registered in 0.001327 seconds.
Begin MonoManager ReloadAssembly
Native extension for WindowsStandalone target not found
Refreshing native plugins compatible for Editor in 0.34 ms, found 0 plugins.
Preloading 0 native plugins for Editor in 0.00 ms.
Mono: successfully reloaded assembly
- Completed reload, in  0.993 seconds
Platform modules already initialized, skipping
Switching build target platform(5) subTarget(0) extendedPlatform(0) -> platform(13) subTarget(524288) extendedPlatform(0)
Refreshing native plugins compatible for Editor in 0.43 ms, found 0 plugins.
Preloading 0 native plugins for Editor in 0.00 ms.
Unloading 1502 Unused Serialized files (Serialized files now loaded: 0)
System memory in use before: 71.0 MB.
System memory in use after: 71.1 MB.

Unloading 8 unused Assets to reduce memory usage. Loaded Objects now: 1960.
Total: 2.412600 ms (FindLiveObjects: 0.205400 ms CreateObjectMapping: 0.038000 ms MarkObjects: 2.092200 ms  DeleteObjects: 0.075500 ms)

AssetImportParameters requested are different than current active one (requested -> active):
  custom:graphics/normal-map-encoding: 01000000000000000000000000000000 -> 02000000000000000000000000000000
========================================================================
Received Import Request.
  Time since last request: 148.323441 seconds.
  path: Assets/Script/ArCoreFaceRegionManager.cs
  artifactKey: Guid(388e9242a65f3254da29e43d622ddc41) Importer(815301076,1909f56bfc062723c751e8b465ee728b)
Start importing Assets/Script/ArCoreFaceRegionManager.cs using Guid(388e9242a65f3254da29e43d622ddc41) Importer(815301076,1909f56bfc062723c751e8b465ee728b)  -> (artifact id: '6248d4a57a2f6b4e6ec0a031712d3ff9') in 0.006630 seconds
  Import took 0.009379 seconds .

========================================================================
Received Prepare
Registering precompiled user dll's ...
Registered in 0.001661 seconds.
Begin MonoManager ReloadAssembly
Native extension for WindowsStandalone target not found
Refreshing native plugins compatible for Editor in 0.34 ms, found 0 plugins.
Preloading 0 native plugins for Editor in 0.00 ms.
Mono: successfully reloaded assembly
- Completed reload, in  1.008 seconds
Platform modules already initialized, skipping
Switching build target platform(5) subTarget(0) extendedPlatform(0) -> platform(13) subTarget(524288) extendedPlatform(0)
Refreshing native plugins compatible for Editor in 0.37 ms, found 0 plugins.
Preloading 0 native plugins for Editor in 0.00 ms.
Unloading 1502 Unused Serialized files (Serialized files now loaded: 0)
System memory in use before: 71.0 MB.
System memory in use after: 71.1 MB.

Unloading 8 unused Assets to reduce memory usage. Loaded Objects now: 1964.
Total: 2.175900 ms (FindLiveObjects: 0.257500 ms CreateObjectMapping: 0.040200 ms MarkObjects: 1.813200 ms  DeleteObjects: 0.064100 ms)

AssetImportParameters requested are different than current active one (requested -> active):
  custom:graphics/normal-map-encoding: 01000000000000000000000000000000 -> 02000000000000000000000000000000
========================================================================
Received Prepare
Registering precompiled user dll's ...
Registered in 0.001930 seconds.
Begin MonoManager ReloadAssembly
Native extension for WindowsStandalone target not found
Refreshing native plugins compatible for Editor in 0.38 ms, found 0 plugins.
Preloading 0 native plugins for Editor in 0.00 ms.
Mono: successfully reloaded assembly
- Completed reload, in  1.034 seconds
Platform modules already initialized, skipping
Switching build target platform(5) subTarget(0) extendedPlatform(0) -> platform(13) subTarget(524288) extendedPlatform(0)
Refreshing native plugins compatible for Editor in 0.34 ms, found 0 plugins.
Preloading 0 native plugins for Editor in 0.00 ms.
Unloading 1502 Unused Serialized files (Serialized files now loaded: 0)
System memory in use before: 71.1 MB.
System memory in use after: 71.1 MB.

Unloading 8 unused Assets to reduce memory usage. Loaded Objects now: 1968.
Total: 2.872300 ms (FindLiveObjects: 0.246800 ms CreateObjectMapping: 0.074400 ms MarkObjects: 2.467000 ms  DeleteObjects: 0.082700 ms)

AssetImportParameters requested are different than current active one (requested -> active):
  custom:graphics/normal-map-encoding: 01000000000000000000000000000000 -> 02000000000000000000000000000000
========================================================================
Received Import Request.
  Time since last request: 1008.028825 seconds.
  path: Assets/Script/ArFaceSwitch.cs
  artifactKey: Guid(92985d274f43de74386437f220305f8f) Importer(815301076,1909f56bfc062723c751e8b465ee728b)
Start importing Assets/Script/ArFaceSwitch.cs using Guid(92985d274f43de74386437f220305f8f) Importer(815301076,1909f56bfc062723c751e8b465ee728b)  -> (artifact id: 'e61a910aa12cc6954f50af82401c1e88') in 0.018961 seconds
  Import took 0.022308 seconds .

========================================================================
Received Import Request.
  Time since last request: 0.942665 seconds.
  path: Assets/Script/ArCoreFaceRegionManager.cs
  artifactKey: Guid(388e9242a65f3254da29e43d622ddc41) Importer(815301076,1909f56bfc062723c751e8b465ee728b)
Start importing Assets/Script/ArCoreFaceRegionManager.cs using Guid(388e9242a65f3254da29e43d622ddc41) Importer(815301076,1909f56bfc062723c751e8b465ee728b)  -> (artifact id: 'ae55082cc071fba96484afdbc9f788bc') in 0.004288 seconds
  Import took 0.007201 seconds .

========================================================================
Received Import Request.
  Time since last request: 0.011083 seconds.
  path: Assets/Script/ArCoreFaceRegionManager.cs
  artifactKey: Guid(388e9242a65f3254da29e43d622ddc41) Importer(815301076,1909f56bfc062723c751e8b465ee728b)
Start importing Assets/Script/ArCoreFaceRegionManager.cs using Guid(388e9242a65f3254da29e43d622ddc41) Importer(815301076,1909f56bfc062723c751e8b465ee728b)  -> (artifact id: 'ae55082cc071fba96484afdbc9f788bc') in 0.004358 seconds
  Import took 0.007074 seconds .

========================================================================
Received Prepare
Registering precompiled user dll's ...
Registered in 0.001590 seconds.
Begin MonoManager ReloadAssembly
Native extension for WindowsStandalone target not found
Refreshing native plugins compatible for Editor in 0.37 ms, found 0 plugins.
Preloading 0 native plugins for Editor in 0.00 ms.
Mono: successfully reloaded assembly
- Completed reload, in  0.999 seconds
Platform modules already initialized, skipping
Switching build target platform(5) subTarget(0) extendedPlatform(0) -> platform(13) subTarget(524288) extendedPlatform(0)
Refreshing native plugins compatible for Editor in 0.36 ms, found 0 plugins.
Preloading 0 native plugins for Editor in 0.00 ms.
Unloading 1501 Unused Serialized files (Serialized files now loaded: 0)
System memory in use before: 71.1 MB.
System memory in use after: 71.1 MB.

Unloading 9 unused Assets to reduce memory usage. Loaded Objects now: 1971.
Total: 2.240900 ms (FindLiveObjects: 0.263500 ms CreateObjectMapping: 0.041600 ms MarkObjects: 1.848400 ms  DeleteObjects: 0.072500 ms)

AssetImportParameters requested are different than current active one (requested -> active):
  custom:graphics/normal-map-encoding: 01000000000000000000000000000000 -> 02000000000000000000000000000000
AssetImportWorkerClient::OnTransportError - code=2 error=End of file
